# JRE version: Java(TM) SE Runtime Environment (8.0_40-b26) (build 1.8.0_40-b26)
# Java VM: Java HotSpot(TM) 64-Bit Server VM (25.40-b25 mixed mode windows-amd64 compressed oops)
Heap:
 PSYoungGen      total 38400K, used 10919K [0x00000000d5f80000, 0x00000000daf80000, 0x0000000100000000)
  eden space 33280K, 32% used [0x00000000d5f80000,0x00000000d6a29d18,0x00000000d8000000)
  from space 5120K, 0% used [0x00000000d8000000,0x00000000d8000000,0x00000000d8500000)
  to   space 7680K, 0% used [0x00000000da800000,0x00000000da800000,0x00000000daf80000)
 ParOldGen       total 60928K, used 5378K [0x0000000081e00000, 0x0000000085980000, 0x00000000d5f80000)
  object space 60928K, 8% used [0x0000000081e00000,0x00000000823409f8,0x0000000085980000)
 Metaspace       used 22234K, capacity 22470K, committed 22784K, reserved 1069056K
  class space    used 2993K, capacity 3067K, committed 3072K, reserved 1048576K
GC Heap History (10 events):
Event: 2.016 GC heap before
{Heap before GC invocations=2 (full 0):
 PSYoungGen      total 38400K, used 36007K [0x00000000d5f80000, 0x00000000d8a00000, 0x0000000100000000)
  eden space 33280K, 100% used [0x00000000d5f80000,0x00000000d8000000,0x00000000d8000000)
  from space 5120K, 53% used [0x00000000d8000000,0x00000000d82a9df0,0x00000000d8500000)
  to   space 5120K, 0% used [0x00000000d8500000,0x00000000d8500000,0x00000000d8a00000)
 ParOldGen       total 87552K, used 8K [0x0000000081e00000, 0x0000000087380000, 0x00000000d5f80000)
  object space 87552K, 0% used [0x0000000081e00000,0x0000000081e02000,0x0000000087380000)
 Metaspace       used 10534K, capacity 10704K, committed 10880K, reserved 1058816K
  class space    used 1340K, capacity 1394K, committed 1408K, reserved 1048576K
Event: 2.023 GC heap after
Heap after GC invocations=2 (full 0):
 PSYoungGen      total 38400K, used 4519K [0x00000000d5f80000, 0x00000000d8a00000, 0x0000000100000000)
  eden space 33280K, 0% used [0x00000000d5f80000,0x00000000d5f80000,0x00000000d8000000)
  from space 5120K, 88% used [0x00000000d8500000,0x00000000d8969eb8,0x00000000d8a00000)
  to   space 5120K, 0% used [0x00000000d8000000,0x00000000d8000000,0x00000000d8500000)
 ParOldGen       total 87552K, used 16K [0x0000000081e00000, 0x0000000087380000, 0x00000000d5f80000)
  object space 87552K, 0% used [0x0000000081e00000,0x0000000081e04000,0x0000000087380000)
 Metaspace       used 10534K, capacity 10704K, committed 10880K, reserved 1058816K
  class space    used 1340K, capacity 1394K, committed 1408K, reserved 1048576K
}
Event: 3.503 GC heap before
{Heap before GC invocations=3 (full 0):
 PSYoungGen      total 38400K, used 37799K [0x00000000d5f80000, 0x00000000d8a00000, 0x0000000100000000)
  eden space 33280K, 100% used [0x00000000d5f80000,0x00000000d8000000,0x00000000d8000000)
  from space 5120K, 88% used [0x00000000d8500000,0x00000000d8969eb8,0x00000000d8a00000)
  to   space 5120K, 0% used [0x00000000d8000000,0x00000000d8000000,0x00000000d8500000)
 ParOldGen       total 87552K, used 16K [0x0000000081e00000, 0x0000000087380000, 0x00000000d5f80000)
  object space 87552K, 0% used [0x0000000081e00000,0x0000000081e04000,0x0000000087380000)
 Metaspace       used 14810K, capacity 14998K, committed 15104K, reserved 1062912K
  class space    used 1899K, capacity 1971K, committed 2048K, reserved 1048576K
Event: 3.513 GC heap after
Heap after GC invocations=3 (full 0):
 PSYoungGen      total 38400K, used 5114K [0x00000000d5f80000, 0x00000000d8a00000, 0x0000000100000000)
  eden space 33280K, 0% used [0x00000000d5f80000,0x00000000d5f80000,0x00000000d8000000)
  from space 5120K, 99% used [0x00000000d8000000,0x00000000d84fe9b0,0x00000000d8500000)
  to   space 5120K, 0% used [0x00000000d8500000,0x00000000d8500000,0x00000000d8a00000)
 ParOldGen       total 87552K, used 668K [0x0000000081e00000, 0x0000000087380000, 0x00000000d5f80000)
  object space 87552K, 0% used [0x0000000081e00000,0x0000000081ea7398,0x0000000087380000)
 Metaspace       used 14810K, capacity 14998K, committed 15104K, reserved 1062912K
  class space    used 1899K, capacity 1971K, committed 2048K, reserved 1048576K
}
Event: 5.102 GC heap before
{Heap before GC invocations=4 (full 0):
 PSYoungGen      total 38400K, used 38394K [0x00000000d5f80000, 0x00000000d8a00000, 0x0000000100000000)
  eden space 33280K, 100% used [0x00000000d5f80000,0x00000000d8000000,0x00000000d8000000)
  from space 5120K, 99% used [0x00000000d8000000,0x00000000d84fe9b0,0x00000000d8500000)
  to   space 5120K, 0% used [0x00000000d8500000,0x00000000d8500000,0x00000000d8a00000)
 ParOldGen       total 87552K, used 668K [0x0000000081e00000, 0x0000000087380000, 0x00000000d5f80000)
  object space 87552K, 0% used [0x0000000081e00000,0x0000000081ea7398,0x0000000087380000)
 Metaspace       used 18357K, capacity 18550K, committed 18688K, reserved 1064960K
  class space    used 2402K, capacity 2451K, committed 2560K, reserved 1048576K
Event: 5.155 GC heap after
Heap after GC invocations=4 (full 0):
 PSYoungGen      total 38400K, used 5091K [0x00000000d5f80000, 0x00000000daa80000, 0x0000000100000000)
  eden space 33280K, 0% used [0x00000000d5f80000,0x00000000d5f80000,0x00000000d8000000)
  from space 5120K, 99% used [0x00000000d8500000,0x00000000d89f8de0,0x00000000d8a00000)
  to   space 5120K, 0% used [0x00000000d8000000,0x00000000d8000000,0x00000000d8500000)
 ParOldGen       total 87552K, used 1777K [0x0000000081e00000, 0x0000000087380000, 0x00000000d5f80000)
  object space 87552K, 2% used [0x0000000081e00000,0x0000000081fbc408,0x0000000087380000)
 Metaspace       used 18357K, capacity 18550K, committed 18688K, reserved 1064960K
  class space    used 2402K, capacity 2451K, committed 2560K, reserved 1048576K
}
Event: 6.015 GC heap before
{Heap before GC invocations=5 (full 0):
 PSYoungGen      total 38400K, used 26838K [0x00000000d5f80000, 0x00000000daa80000, 0x0000000100000000)
  eden space 33280K, 65% used [0x00000000d5f80000,0x00000000d74bcd20,0x00000000d8000000)
  from space 5120K, 99% used [0x00000000d8500000,0x00000000d89f8de0,0x00000000d8a00000)
  to   space 5120K, 0% used [0x00000000d8000000,0x00000000d8000000,0x00000000d8500000)
 ParOldGen       total 87552K, used 1777K [0x0000000081e00000, 0x0000000087380000, 0x00000000d5f80000)
  object space 87552K, 2% used [0x0000000081e00000,0x0000000081fbc408,0x0000000087380000)
 Metaspace       used 21056K, capacity 21198K, committed 21296K, reserved 1067008K
  class space    used 2862K, capacity 2903K, committed 2944K, reserved 1048576K
Event: 6.132 GC heap after
Heap after GC invocations=5 (full 0):
 PSYoungGen      total 38400K, used 5107K [0x00000000d5f80000, 0x00000000daf80000, 0x0000000100000000)
  eden space 33280K, 0% used [0x00000000d5f80000,0x00000000d5f80000,0x00000000d8000000)
  from space 5120K, 99% used [0x00000000d8000000,0x00000000d84fcf30,0x00000000d8500000)
  to   space 7680K, 0% used [0x00000000da800000,0x00000000da800000,0x00000000daf80000)
 ParOldGen       total 87552K, used 2142K [0x0000000081e00000, 0x0000000087380000, 0x00000000d5f80000)
  object space 87552K, 2% used [0x0000000081e00000,0x0000000082017928,0x0000000087380000)
 Metaspace       used 21056K, capacity 21198K, committed 21296K, reserved 1067008K
  class space    used 2862K, capacity 2903K, committed 2944K, reserved 1048576K
}
Event: 6.132 GC heap before
{Heap before GC invocations=6 (full 1):
 PSYoungGen      total 38400K, used 5107K [0x00000000d5f80000, 0x00000000daf80000, 0x0000000100000000)
  eden space 33280K, 0% used [0x00000000d5f80000,0x00000000d5f80000,0x00000000d8000000)
  from space 5120K, 99% used [0x00000000d8000000,0x00000000d84fcf30,0x00000000d8500000)
  to   space 7680K, 0% used [0x00000000da800000,0x00000000da800000,0x00000000daf80000)
 ParOldGen       total 87552K, used 2142K [0x0000000081e00000, 0x0000000087380000, 0x00000000d5f80000)
  object space 87552K, 2% used [0x0000000081e00000,0x0000000082017928,0x0000000087380000)
 Metaspace       used 21056K, capacity 21198K, committed 21296K, reserved 1067008K
  class space    used 2862K, capacity 2903K, committed 2944K, reserved 1048576K
Event: 6.571 GC heap after
Heap after GC invocations=6 (full 1):
 PSYoungGen      total 38400K, used 0K [0x00000000d5f80000, 0x00000000daf80000, 0x0000000100000000)
  eden space 33280K, 0% used [0x00000000d5f80000,0x00000000d5f80000,0x00000000d8000000)
  from space 5120K, 0% used [0x00000000d8000000,0x00000000d8000000,0x00000000d8500000)
  to   space 7680K, 0% used [0x00000000da800000,0x00000000da800000,0x00000000daf80000)
 ParOldGen       total 60928K, used 5378K [0x0000000081e00000, 0x0000000085980000, 0x00000000d5f80000)
  object space 60928K, 8% used [0x0000000081e00000,0x00000000823409f8,0x0000000085980000)
 Metaspace       used 21056K, capacity 21198K, committed 21296K, reserved 1067008K
  class space    used 2862K, capacity 2903K, committed 2944K, reserved 1048576K
}

